2023-03-31 00:20:46,424 [INFO] com.api.recipemanagement.services.RecipeServiceImplTest [main] Starting RecipeServiceImplTest using Java 19.0.2 with PID 11456 (started by liknes in D:\Liknes\Docs\Notes\Personal\SpringBoot\projects\recipe-mamagement-api\src)
2023-03-31 00:20:46,429 [INFO] com.api.recipemanagement.services.RecipeServiceImplTest [main] The following 1 profile is active: "memory"
2023-03-31 00:20:47,364 [INFO] com.zaxxer.hikari.HikariDataSource [main] HikariPool-1 - Starting...
2023-03-31 00:20:47,516 [INFO] com.zaxxer.hikari.pool.HikariPool [main] HikariPool-1 - Added connection conn0: url=jdbc:h2:mem:recipeapidb user=DBUSER
2023-03-31 00:20:47,517 [INFO] com.zaxxer.hikari.HikariDataSource [main] HikariPool-1 - Start completed.
2023-03-31 00:20:48,604 [INFO] org.springframework.boot.autoconfigure.h2.H2ConsoleAutoConfiguration [main] H2 console available at '/h2'. Database available at 'jdbc:h2:mem:recipeapidb'
2023-03-31 00:20:48,655 [INFO] com.api.recipemanagement.services.RecipeServiceImplTest [main] Started RecipeServiceImplTest in 2.491 seconds (process running for 3.259)
2023-03-31 00:20:49,179 [INFO] com.zaxxer.hikari.HikariDataSource [SpringApplicationShutdownHook] HikariPool-1 - Shutdown initiated...
2023-03-31 00:20:49,181 [INFO] com.zaxxer.hikari.HikariDataSource [SpringApplicationShutdownHook] HikariPool-1 - Shutdown completed.
2023-03-31 00:22:04,693 [INFO] com.api.recipemanagement.services.RecipeServiceImplTest [main] Starting RecipeServiceImplTest using Java 19.0.2 with PID 6880 (started by liknes in D:\Liknes\Docs\Notes\Personal\SpringBoot\projects\recipe-mamagement-api\src)
2023-03-31 00:22:04,694 [INFO] com.api.recipemanagement.services.RecipeServiceImplTest [main] The following 1 profile is active: "memory"
2023-03-31 00:22:05,552 [INFO] com.zaxxer.hikari.HikariDataSource [main] HikariPool-1 - Starting...
2023-03-31 00:22:05,692 [INFO] com.zaxxer.hikari.pool.HikariPool [main] HikariPool-1 - Added connection conn0: url=jdbc:h2:mem:recipeapidb user=DBUSER
2023-03-31 00:22:05,693 [INFO] com.zaxxer.hikari.HikariDataSource [main] HikariPool-1 - Start completed.
2023-03-31 00:22:06,730 [INFO] org.springframework.boot.autoconfigure.h2.H2ConsoleAutoConfiguration [main] H2 console available at '/h2'. Database available at 'jdbc:h2:mem:recipeapidb'
2023-03-31 00:22:06,777 [INFO] com.api.recipemanagement.services.RecipeServiceImplTest [main] Started RecipeServiceImplTest in 2.342 seconds (process running for 3.083)
2023-03-31 00:22:07,263 [INFO] com.zaxxer.hikari.HikariDataSource [SpringApplicationShutdownHook] HikariPool-1 - Shutdown initiated...
2023-03-31 00:22:07,265 [INFO] com.zaxxer.hikari.HikariDataSource [SpringApplicationShutdownHook] HikariPool-1 - Shutdown completed.
2023-03-31 00:23:58,273 [INFO] com.api.recipemanagement.services.RecipeServiceImplTest [main] Starting RecipeServiceImplTest using Java 19.0.2 with PID 12532 (started by liknes in D:\Liknes\Docs\Notes\Personal\SpringBoot\projects\recipe-mamagement-api\src)
2023-03-31 00:23:58,274 [INFO] com.api.recipemanagement.services.RecipeServiceImplTest [main] The following 1 profile is active: "memory"
2023-03-31 00:23:59,107 [INFO] com.zaxxer.hikari.HikariDataSource [main] HikariPool-1 - Starting...
2023-03-31 00:23:59,236 [INFO] com.zaxxer.hikari.pool.HikariPool [main] HikariPool-1 - Added connection conn0: url=jdbc:h2:mem:recipeapidb user=DBUSER
2023-03-31 00:23:59,238 [INFO] com.zaxxer.hikari.HikariDataSource [main] HikariPool-1 - Start completed.
2023-03-31 00:24:00,231 [INFO] org.springframework.boot.autoconfigure.h2.H2ConsoleAutoConfiguration [main] H2 console available at '/h2'. Database available at 'jdbc:h2:mem:recipeapidb'
2023-03-31 00:24:00,272 [INFO] com.api.recipemanagement.services.RecipeServiceImplTest [main] Started RecipeServiceImplTest in 2.246 seconds (process running for 2.977)
2023-03-31 00:24:00,745 [INFO] com.zaxxer.hikari.HikariDataSource [SpringApplicationShutdownHook] HikariPool-1 - Shutdown initiated...
2023-03-31 00:24:00,746 [INFO] com.zaxxer.hikari.HikariDataSource [SpringApplicationShutdownHook] HikariPool-1 - Shutdown completed.
2023-03-31 00:49:23,794 [INFO] com.api.recipemanagement.repositories.RecipeRepositoryImplTest [main] Starting RecipeRepositoryImplTest using Java 19.0.2 with PID 17864 (started by liknes in D:\Liknes\Docs\Notes\Personal\SpringBoot\projects\recipe-mamagement-api\src)
2023-03-31 00:49:23,795 [INFO] com.api.recipemanagement.repositories.RecipeRepositoryImplTest [main] The following 1 profile is active: "memory"
2023-03-31 00:49:24,644 [INFO] com.zaxxer.hikari.HikariDataSource [main] HikariPool-1 - Starting...
2023-03-31 00:49:24,772 [INFO] com.zaxxer.hikari.pool.HikariPool [main] HikariPool-1 - Added connection conn0: url=jdbc:h2:mem:recipeapidb user=DBUSER
2023-03-31 00:49:24,773 [INFO] com.zaxxer.hikari.HikariDataSource [main] HikariPool-1 - Start completed.
2023-03-31 00:49:25,750 [INFO] org.springframework.boot.autoconfigure.h2.H2ConsoleAutoConfiguration [main] H2 console available at '/h2'. Database available at 'jdbc:h2:mem:recipeapidb'
2023-03-31 00:49:25,801 [INFO] com.api.recipemanagement.repositories.RecipeRepositoryImplTest [main] Started RecipeRepositoryImplTest in 2.248 seconds (process running for 2.995)
2023-03-31 00:49:26,428 [INFO] com.zaxxer.hikari.HikariDataSource [SpringApplicationShutdownHook] HikariPool-1 - Shutdown initiated...
2023-03-31 00:49:26,430 [INFO] com.zaxxer.hikari.HikariDataSource [SpringApplicationShutdownHook] HikariPool-1 - Shutdown completed.
2023-03-31 00:52:40,026 [INFO] com.api.recipemanagement.repositories.RecipeRepositoryImplTest [main] Starting RecipeRepositoryImplTest using Java 19.0.2 with PID 20968 (started by liknes in D:\Liknes\Docs\Notes\Personal\SpringBoot\projects\recipe-mamagement-api\src)
2023-03-31 00:52:40,027 [INFO] com.api.recipemanagement.repositories.RecipeRepositoryImplTest [main] The following 1 profile is active: "memory"
2023-03-31 00:52:40,866 [INFO] com.zaxxer.hikari.HikariDataSource [main] HikariPool-1 - Starting...
2023-03-31 00:52:40,983 [INFO] com.zaxxer.hikari.pool.HikariPool [main] HikariPool-1 - Added connection conn0: url=jdbc:h2:mem:recipeapidb user=DBUSER
2023-03-31 00:52:40,985 [INFO] com.zaxxer.hikari.HikariDataSource [main] HikariPool-1 - Start completed.
2023-03-31 00:52:41,987 [INFO] org.springframework.boot.autoconfigure.h2.H2ConsoleAutoConfiguration [main] H2 console available at '/h2'. Database available at 'jdbc:h2:mem:recipeapidb'
2023-03-31 00:52:42,031 [INFO] com.api.recipemanagement.repositories.RecipeRepositoryImplTest [main] Started RecipeRepositoryImplTest in 2.244 seconds (process running for 2.973)
2023-03-31 00:52:42,653 [INFO] com.zaxxer.hikari.HikariDataSource [SpringApplicationShutdownHook] HikariPool-1 - Shutdown initiated...
2023-03-31 00:52:42,655 [INFO] com.zaxxer.hikari.HikariDataSource [SpringApplicationShutdownHook] HikariPool-1 - Shutdown completed.
2023-03-31 00:53:51,529 [INFO] com.api.recipemanagement.repositories.RecipeRepositoryImplTest [main] Starting RecipeRepositoryImplTest using Java 19.0.2 with PID 14356 (started by liknes in D:\Liknes\Docs\Notes\Personal\SpringBoot\projects\recipe-mamagement-api\src)
2023-03-31 00:53:51,530 [INFO] com.api.recipemanagement.repositories.RecipeRepositoryImplTest [main] The following 1 profile is active: "memory"
2023-03-31 00:53:52,342 [INFO] com.zaxxer.hikari.HikariDataSource [main] HikariPool-1 - Starting...
2023-03-31 00:53:52,460 [INFO] com.zaxxer.hikari.pool.HikariPool [main] HikariPool-1 - Added connection conn0: url=jdbc:h2:mem:recipeapidb user=DBUSER
2023-03-31 00:53:52,461 [INFO] com.zaxxer.hikari.HikariDataSource [main] HikariPool-1 - Start completed.
2023-03-31 00:53:53,459 [INFO] org.springframework.boot.autoconfigure.h2.H2ConsoleAutoConfiguration [main] H2 console available at '/h2'. Database available at 'jdbc:h2:mem:recipeapidb'
2023-03-31 00:53:53,504 [INFO] com.api.recipemanagement.repositories.RecipeRepositoryImplTest [main] Started RecipeRepositoryImplTest in 2.216 seconds (process running for 2.963)
2023-03-31 00:53:54,066 [INFO] com.zaxxer.hikari.HikariDataSource [SpringApplicationShutdownHook] HikariPool-1 - Shutdown initiated...
2023-03-31 00:53:54,068 [INFO] com.zaxxer.hikari.HikariDataSource [SpringApplicationShutdownHook] HikariPool-1 - Shutdown completed.
